<?xml version="1.0" encoding="UTF-8"?>
<testng-results ignored="0" total="2" passed="2" failed="0" skipped="0">
  <reporter-output>
  </reporter-output>
  <suite started-at="2022-09-25T22:21:56 IST" name="Default suite" finished-at="2022-09-25T22:22:25 IST" duration-ms="29744">
    <groups>
    </groups>
    <test started-at="2022-09-25T22:21:56 IST" name="Default test" finished-at="2022-09-25T22:22:25 IST" duration-ms="29744">
      <class name="FlipkartTestNG.loginPage">
        <test-method is-config="true" signature="beforeClass()[pri:0, instance:FlipkartTestNG.loginPage@6aba2b86]" started-at="2022-09-25T22:21:56 IST" name="beforeClass" finished-at="2022-09-25T22:21:56 IST" duration-ms="869" status="PASS">
          <reporter-output>
          </reporter-output>
        </test-method> <!-- beforeClass -->
        <test-method is-config="true" signature="beforeMethod()[pri:0, instance:FlipkartTestNG.loginPage@6aba2b86]" started-at="2022-09-25T22:21:56 IST" name="beforeMethod" finished-at="2022-09-25T22:22:08 IST" duration-ms="11558" status="PASS">
          <reporter-output>
          </reporter-output>
        </test-method> <!-- beforeMethod -->
        <test-method signature="test()[pri:0, instance:FlipkartTestNG.loginPage@6aba2b86]" started-at="2022-09-25T22:22:08 IST" name="test" finished-at="2022-09-25T22:22:12 IST" duration-ms="4316" status="PASS">
          <reporter-output>
          </reporter-output>
        </test-method> <!-- test -->
        <test-method is-config="true" signature="afterMethod()[pri:0, instance:FlipkartTestNG.loginPage@6aba2b86]" started-at="2022-09-25T22:22:12 IST" name="afterMethod" finished-at="2022-09-25T22:22:12 IST" duration-ms="39" status="PASS">
          <reporter-output>
          </reporter-output>
        </test-method> <!-- afterMethod -->
        <test-method is-config="true" signature="beforeMethod()[pri:0, instance:FlipkartTestNG.loginPage@6aba2b86]" started-at="2022-09-25T22:22:12 IST" name="beforeMethod" finished-at="2022-09-25T22:22:21 IST" duration-ms="8723" status="PASS">
          <reporter-output>
          </reporter-output>
        </test-method> <!-- beforeMethod -->
        <test-method signature="test1()[pri:0, instance:FlipkartTestNG.loginPage@6aba2b86]" started-at="2022-09-25T22:22:21 IST" name="test1" finished-at="2022-09-25T22:22:25 IST" duration-ms="4124" status="PASS">
          <reporter-output>
          </reporter-output>
        </test-method> <!-- test1 -->
        <test-method is-config="true" signature="afterMethod()[pri:0, instance:FlipkartTestNG.loginPage@6aba2b86]" started-at="2022-09-25T22:22:25 IST" name="afterMethod" finished-at="2022-09-25T22:22:25 IST" duration-ms="27" status="PASS">
          <reporter-output>
          </reporter-output>
        </test-method> <!-- afterMethod -->
        <test-method is-config="true" signature="afterClass()[pri:0, instance:FlipkartTestNG.loginPage@6aba2b86]" started-at="2022-09-25T22:22:25 IST" name="afterClass" finished-at="2022-09-25T22:22:25 IST" duration-ms="46" status="PASS">
          <reporter-output>
          </reporter-output>
        </test-method> <!-- afterClass -->
      </class> <!-- FlipkartTestNG.loginPage -->
    </test> <!-- Default test -->
  </suite> <!-- Default suite -->
</testng-results>
